<?xml version="1.0" encoding="UTF-8"?>
<testsuite xmlns:xsi="http://www.w3.org/2001/XMLSchema-instance" xsi:schemaLocation="https://maven.apache.org/surefire/maven-surefire-plugin/xsd/surefire-test-report.xsd" name="TestSuite" time="5,021.998" tests="93" errors="0" skipped="0" failures="19">
  <properties>
    <property name="java.runtime.name" value="Java(TM) SE Runtime Environment"/>
    <property name="java.vm.version" value="17.0.1+12-LTS-39"/>
    <property name="sun.boot.library.path" value="C:\Program Files\Java\jdk-17.0.1\bin"/>
    <property name="maven.multiModuleProjectDirectory" value="D:\Data\AUTOMATION_ETL\SCHEDULE_TASKS\EMAP_UI_Automation-GTM"/>
    <property name="java.vm.vendor" value="Oracle Corporation"/>
    <property name="java.vendor.url" value="https://java.oracle.com/"/>
    <property name="guice.disable.misplaced.annotation.check" value="true"/>
    <property name="path.separator" value=";"/>
    <property name="java.vm.name" value="Java HotSpot(TM) 64-Bit Server VM"/>
    <property name="sun.os.patch.level" value=""/>
    <property name="user.script" value=""/>
    <property name="user.country" value="US"/>
    <property name="sun.java.launcher" value="SUN_STANDARD"/>
    <property name="java.vm.specification.name" value="Java Virtual Machine Specification"/>
    <property name="user.dir" value="D:\Data\AUTOMATION_ETL\SCHEDULE_TASKS\EMAP_UI_Automation-GTM"/>
    <property name="java.vm.compressedOopsMode" value="32-bit"/>
    <property name="java.runtime.version" value="17.0.1+12-LTS-39"/>
    <property name="os.arch" value="amd64"/>
    <property name="java.io.tmpdir" value="C:\Users\AASH-P~1\AppData\Local\Temp\"/>
    <property name="line.separator" value="&#10;"/>
    <property name="java.vm.specification.vendor" value="Oracle Corporation"/>
    <property name="user.variant" value=""/>
    <property name="os.name" value="Windows Server 2016"/>
    <property name="classworlds.conf" value="D:\Data\AUTOMATION_ETL\apache-maven-3.8.6\bin\m2.conf"/>
    <property name="sun.jnu.encoding" value="Cp1252"/>
    <property name="java.library.path" value="C:\Program Files\Java\jdk-17.0.1\bin;C:\WINDOWS\Sun\Java\bin;C:\WINDOWS\system32;C:\WINDOWS;C:\Program Files\Common Files\Oracle\Java\javapath;D:\oracle\product\12.2.0\client64\bin;C:\WINDOWS\system32;C:\WINDOWS;C:\WINDOWS\System32\Wbem;C:\WINDOWS\System32\WindowsPowerShell\v1.0\;C:\Program Files\Microsoft VS Code\bin;C:\Program Files\Java\jdk-17.0.1\bin;D:\Data\AUTOMATION_ETL\apache-maven-3.8.6\bin;C:\Users\AASH-POPTAUS-GISApA1\AppData\Local\Microsoft\WindowsApps;D:\Apps\Microsoft VS Code\bin;C:\ProgramData\anaconda3\Scripts;C:\Users\AASH-POPTAUS-GISApA1\AppData\Roaming\Python\Python311\Scripts;."/>
    <property name="maven.conf" value="D:\Data\AUTOMATION_ETL\apache-maven-3.8.6/conf"/>
    <property name="jdk.debug" value="release"/>
    <property name="java.class.version" value="61.0"/>
    <property name="java.specification.name" value="Java Platform API Specification"/>
    <property name="sun.management.compiler" value="HotSpot 64-Bit Tiered Compilers"/>
    <property name="os.version" value="10.0"/>
    <property name="library.jansi.path" value="D:\Data\AUTOMATION_ETL\apache-maven-3.8.6\lib\jansi-native"/>
    <property name="user.home" value="C:\Users\AASH-POPTAUS-GISApA1"/>
    <property name="user.timezone" value="America/Chicago"/>
    <property name="file.encoding" value="Cp1252"/>
    <property name="java.specification.version" value="17"/>
    <property name="cucumber.filter.tags" value=" @Regressiontest"/>
    <property name="user.name" value="AASH-POPTAUS-GISApA1"/>
    <property name="java.class.path" value="D:\Data\AUTOMATION_ETL\apache-maven-3.8.6\boot\plexus-classworlds-2.6.0.jar"/>
    <property name="java.vm.specification.version" value="17"/>
    <property name="sun.arch.data.model" value="64"/>
    <property name="sun.java.command" value="org.codehaus.plexus.classworlds.launcher.Launcher test -Dcucumber.filter.tags= @Regressiontest"/>
    <property name="java.home" value="C:\Program Files\Java\jdk-17.0.1"/>
    <property name="user.language" value="en"/>
    <property name="java.specification.vendor" value="Oracle Corporation"/>
    <property name="java.vm.info" value="mixed mode, sharing"/>
    <property name="java.version" value="17.0.1"/>
    <property name="native.encoding" value="Cp1252"/>
    <property name="java.vendor" value="Oracle Corporation"/>
    <property name="sun.stderr.encoding" value="cp437"/>
    <property name="maven.home" value="D:\Data\AUTOMATION_ETL\apache-maven-3.8.6"/>
    <property name="file.separator" value="\"/>
    <property name="java.version.date" value="2021-10-19"/>
    <property name="java.vendor.url.bug" value="https://bugreport.java.com/bugreport/"/>
    <property name="sun.io.unicode.encoding" value="UnicodeLittle"/>
    <property name="sun.cpu.endian" value="little"/>
    <property name="sun.cpu.isalist" value="amd64"/>
  </properties>
  <testcase name="runScenario" classname="com.script.runner.AllToolsRunner" time="34.14">
    <failure type="java.lang.AssertionError:">java.lang.AssertionError: null
</failure>
    <system-out><![CDATA[
@Regressiontest
Scenario Outline: Appdata Tool - To verify that user should be able to add data from a web URL in Appdata tool # Features/Appdata.feature:12
*******************Test Case started*******************************
  Given Application is launched in browser for Appdata Tool SheetName "AppdataTool" and rownumber 0            # com.script.stepdefination.AppdataToolStepDefinition.LaunchApplication(java.lang.String,int)
  When Appdata tool is clicked and tool is opened                                                              # com.script.stepdefination.AppdataToolStepDefinition.ClickSelectTool()
  Then User should be able to add data from a web URL in Appdata tool SheetName "AppdataTool" and rownumber 0  # com.script.stepdefination.AppdataToolStepDefinition.AddDataFromWebURL(java.lang.String,int)
      java.lang.AssertionError: null
	at org.testng.Assert.fail(Assert.java:99)
	at org.testng.Assert.fail(Assert.java:106)
	at com.test.validation.TestValidations.AddDataValidation(TestValidations.java:162)
	at com.applicationfunction.ToolAppdataPage.ClickURLSection(ToolAppdataPage.java:61)
	at com.script.stepdefination.AppdataToolStepDefinition.AddDataFromWebURL(AppdataToolStepDefinition.java:46)
	at âœ½.User should be able to add data from a web URL in Appdata tool SheetName "AppdataTool" and rownumber 0(file:///D:/Data/AUTOMATION_ETL/SCHEDULE_TASKS/EMAP_UI_Automation-GTM/Features/Appdata.feature:8)

]]></system-out>
    <system-err><![CDATA[SLF4J(W): No SLF4J providers were found.
SLF4J(W): Defaulting to no-operation (NOP) logger implementation
SLF4J(W): See https://www.slf4j.org/codes.html#noProviders for further details.
Cleaning up unclosed ZipFile for archive D:\Data\AUTOMATION_ETL\SCHEDULE_TASKS\EMAP_UI_Automation-GTM\.\TestData\EmapTestData.xlsx
Aug 22, 2024 4:00:38 AM org.openqa.selenium.devtools.CdpVersionFinder findNearestMatch
WARNING: Unable to find CDP implementation matching 127
Aug 22, 2024 4:00:38 AM org.openqa.selenium.chromium.ChromiumDriver lambda$new$5
WARNING: Unable to find version of CDP to use for 127.0.6533.120. You may need to include a dependency on a specific version of the CDP using something similar to `org.seleniumhq.selenium:selenium-devtools-v86:4.17.0` where the version ("v86") matches the version of the chromium-based browser you're using and the version number of the artifact is the same as Selenium's.
Cleaning up unclosed ZipFile for archive D:\Data\AUTOMATION_ETL\SCHEDULE_TASKS\EMAP_UI_Automation-GTM\.\TestData\EmapTestData.xlsx
]]></system-err>
  </testcase>
  <testcase name="runScenario" classname="com.script.runner.AllToolsRunner" time="27.813"/>
  <testcase name="runScenario" classname="com.script.runner.AllToolsRunner" time="44.938"/>
  <testcase name="runScenario" classname="com.script.runner.AllToolsRunner" time="38.859"/>
  <testcase name="runScenario" classname="com.script.runner.AllToolsRunner" time="33.891"/>
  <testcase name="runScenario" classname="com.script.runner.AllToolsRunner" time="33.3"/>
  <testcase name="runScenario" classname="com.script.runner.AllToolsRunner" time="32.233"/>
  <testcase name="runScenario" classname="com.script.runner.AllToolsRunner" time="32.75"/>
  <testcase name="runScenario" classname="com.script.runner.AllToolsRunner" time="49.879"/>
  <testcase name="runScenario" classname="com.script.runner.AllToolsRunner" time="49.91"/>
  <testcase name="runScenario" classname="com.script.runner.AllToolsRunner" time="68.018"/>
  <testcase name="runScenario" classname="com.script.runner.AllToolsRunner" time="71.261"/>
  <testcase name="runScenario" classname="com.script.runner.AllToolsRunner" time="65.176"/>
  <testcase name="runScenario" classname="com.script.runner.AllToolsRunner" time="66.881"/>
  <testcase name="runScenario" classname="com.script.runner.AllToolsRunner" time="68.192"/>
  <testcase name="runScenario" classname="com.script.runner.AllToolsRunner" time="39.706"/>
  <testcase name="runScenario" classname="com.script.runner.AllToolsRunner" time="37.274"/>
  <testcase name="runScenario" classname="com.script.runner.AllToolsRunner" time="35.798"/>
  <testcase name="runScenario" classname="com.script.runner.AllToolsRunner" time="36.788"/>
  <testcase name="runScenario" classname="com.script.runner.AllToolsRunner" time="34.797"/>
  <testcase name="runScenario" classname="com.script.runner.AllToolsRunner" time="36.01"/>
  <testcase name="runScenario" classname="com.script.runner.AllToolsRunner" time="38.309"/>
  <testcase name="runScenario" classname="com.script.runner.AllToolsRunner" time="41.598"/>
  <testcase name="runScenario" classname="com.script.runner.AllToolsRunner" time="39.682"/>
  <testcase name="runScenario" classname="com.script.runner.AllToolsRunner" time="37.706"/>
  <testcase name="runScenario" classname="com.script.runner.AllToolsRunner" time="34.25"/>
  <testcase name="runScenario" classname="com.script.runner.AllToolsRunner" time="34.52"/>
  <testcase name="runScenario" classname="com.script.runner.AllToolsRunner" time="21.47">
    <failure type="java.lang.AssertionError:">java.lang.AssertionError: null
</failure>
    <system-out><![CDATA[
@Regressiontest
Scenario Outline: ImageryTool - To verify that user can open streetview by setting coordinates on map from streetviewAerial widget # Features/ImageryTool.feature:22
*******************Test Case started*******************************
  Given Application is launched in browser for Imagery Tool SheetName "ImageryTool" and rownumber 1                                # com.script.stepdefination.ImageryToolStepDefinition.LaunchApplication(java.lang.String,int)
  When Imagery tool is clicked and tool is opened                                                                                  # com.script.stepdefination.ImageryToolStepDefinition.ClickImageryTool()
  Then User can open streetview by setting coordinates on map from streetviewAerial widget                                         # com.script.stepdefination.ImageryToolStepDefinition.OpenStreetView()
      java.lang.AssertionError: null
	at org.testng.Assert.fail(Assert.java:99)
	at org.testng.Assert.fail(Assert.java:106)
	at com.applicationfunction.ToolImageryPage.GetLatLongValue(ToolImageryPage.java:151)
	at com.script.stepdefination.ImageryToolStepDefinition.OpenStreetView(ImageryToolStepDefinition.java:57)
	at âœ½.User can open streetview by setting coordinates on map from streetviewAerial widget(file:///D:/Data/AUTOMATION_ETL/SCHEDULE_TASKS/EMAP_UI_Automation-GTM/Features/ImageryTool.feature:18)

]]></system-out>
    <system-err><![CDATA[Aug 22, 2024 4:19:54 AM org.openqa.selenium.devtools.CdpVersionFinder findNearestMatch
WARNING: Unable to find CDP implementation matching 127
Aug 22, 2024 4:19:54 AM org.openqa.selenium.chromium.ChromiumDriver lambda$new$5
WARNING: Unable to find version of CDP to use for 127.0.6533.120. You may need to include a dependency on a specific version of the CDP using something similar to `org.seleniumhq.selenium:selenium-devtools-v86:4.17.0` where the version ("v86") matches the version of the chromium-based browser you're using and the version number of the artifact is the same as Selenium's.
Cleaning up unclosed ZipFile for archive D:\Data\AUTOMATION_ETL\SCHEDULE_TASKS\EMAP_UI_Automation-GTM\.\TestData\EmapTestData.xlsx
]]></system-err>
  </testcase>
  <testcase name="runScenario" classname="com.script.runner.AllToolsRunner" time="110.401"/>
  <testcase name="runScenario" classname="com.script.runner.AllToolsRunner" time="50.809"/>
  <testcase name="runScenario" classname="com.script.runner.AllToolsRunner" time="35.19"/>
  <testcase name="runScenario" classname="com.script.runner.AllToolsRunner" time="57.122"/>
  <testcase name="runScenario" classname="com.script.runner.AllToolsRunner" time="24.921"/>
  <testcase name="runScenario" classname="com.script.runner.AllToolsRunner" time="26.209"/>
  <testcase name="runScenario" classname="com.script.runner.AllToolsRunner" time="35.177"/>
  <testcase name="runScenario" classname="com.script.runner.AllToolsRunner" time="27.311"/>
  <testcase name="runScenario" classname="com.script.runner.AllToolsRunner" time="29.31"/>
  <testcase name="runScenario" classname="com.script.runner.AllToolsRunner" time="30.825"/>
  <testcase name="runScenario" classname="com.script.runner.AllToolsRunner" time="31.489"/>
  <testcase name="runScenario" classname="com.script.runner.AllToolsRunner" time="28.533"/>
  <testcase name="runScenario" classname="com.script.runner.AllToolsRunner" time="25.138"/>
  <testcase name="runScenario" classname="com.script.runner.AllToolsRunner" time="23.9"/>
  <testcase name="runScenario" classname="com.script.runner.AllToolsRunner" time="24.868"/>
  <testcase name="runScenario" classname="com.script.runner.AllToolsRunner" time="24.761"/>
  <testcase name="runScenario" classname="com.script.runner.AllToolsRunner" time="24.305"/>
  <testcase name="runScenario" classname="com.script.runner.AllToolsRunner" time="24.712"/>
  <testcase name="runScenario" classname="com.script.runner.AllToolsRunner" time="25.115"/>
  <testcase name="runScenario" classname="com.script.runner.AllToolsRunner" time="25.781"/>
  <testcase name="runScenario" classname="com.script.runner.AllToolsRunner" time="22.459"/>
  <testcase name="runScenario" classname="com.script.runner.AllToolsRunner" time="24.621"/>
  <testcase name="runScenario" classname="com.script.runner.AllToolsRunner" time="25.86"/>
  <testcase name="runScenario" classname="com.script.runner.AllToolsRunner" time="21.675"/>
  <testcase name="runScenario" classname="com.script.runner.AllToolsRunner" time="22.68"/>
  <testcase name="runScenario" classname="com.script.runner.AllToolsRunner" time="26.239"/>
  <testcase name="runScenario" classname="com.script.runner.AllToolsRunner" time="21.235"/>
  <testcase name="runScenario" classname="com.script.runner.AllToolsRunner" time="24.529"/>
  <testcase name="runScenario" classname="com.script.runner.AllToolsRunner" time="19.953"/>
  <testcase name="runScenario" classname="com.script.runner.AllToolsRunner" time="24.238"/>
  <testcase name="runScenario" classname="com.script.runner.AllToolsRunner" time="26.263"/>
  <testcase name="runScenario" classname="com.script.runner.AllToolsRunner" time="32.053">
    <failure type="java.lang.AssertionError:">java.lang.AssertionError: null
</failure>
    <system-out><![CDATA[
@Regressiontest
Scenario Outline: PrintTool - To verify that in Enbridge Landscape Template Layout user is able to print in all the different formats # Features/PrintTool.feature:12
*******************Test Case started*******************************
  Given Application is launched in browser for Print Tool SheetName "PrintTool" and rownumber 0                                       # com.script.stepdefination.PrintToolStepDefinition.LaunchApplication(java.lang.String,int)
  When Print tool is clicked and tool is opened                                                                                       # com.script.stepdefination.PrintToolStepDefinition.ClickPrintTool()
  Then In Enbridge Landscape Template Layout user is able to print in all the different formats SheetName "PrintTool" and rownumber 0 # com.script.stepdefination.PrintToolStepDefinition.PrintForEnbridgeLandscapeTemplateLayout(java.lang.String,int)
      java.lang.AssertionError: null
	at org.testng.Assert.fail(Assert.java:99)
	at org.testng.Assert.fail(Assert.java:106)
	at com.utilities.StepExecutor.ElementClick(StepExecutor.java:55)
	at com.applicationfunction.ToolPrintPage.PrintForEnbridgeTemplateLayout(ToolPrintPage.java:64)
	at com.script.stepdefination.PrintToolStepDefinition.PrintForEnbridgeLandscapeTemplateLayout(PrintToolStepDefinition.java:45)
	at âœ½.In Enbridge Landscape Template Layout user is able to print in all the different formats SheetName "PrintTool" and rownumber 0(file:///D:/Data/AUTOMATION_ETL/SCHEDULE_TASKS/EMAP_UI_Automation-GTM/Features/PrintTool.feature:8)

]]></system-out>
    <system-err><![CDATA[Aug 22, 2024 4:36:01 AM org.openqa.selenium.devtools.CdpVersionFinder findNearestMatch
WARNING: Unable to find CDP implementation matching 127
Aug 22, 2024 4:36:01 AM org.openqa.selenium.chromium.ChromiumDriver lambda$new$5
WARNING: Unable to find version of CDP to use for 127.0.6533.120. You may need to include a dependency on a specific version of the CDP using something similar to `org.seleniumhq.selenium:selenium-devtools-v86:4.17.0` where the version ("v86") matches the version of the chromium-based browser you're using and the version number of the artifact is the same as Selenium's.
Cleaning up unclosed ZipFile for archive D:\Data\AUTOMATION_ETL\SCHEDULE_TASKS\EMAP_UI_Automation-GTM\.\TestData\EmapTestData.xlsx
]]></system-err>
  </testcase>
  <testcase name="runScenario" classname="com.script.runner.AllToolsRunner" time="463.746">
    <failure message="java.util.concurrent.TimeoutException&#10;Build info: version: &apos;4.17.0&apos;, revision: &apos;e52b1be057*&apos;&#10;System info: os.name: &apos;Windows Server 2016&apos;, os.arch: &apos;amd64&apos;, os.version: &apos;10.0&apos;, java.version: &apos;17.0.1&apos;&#10;Driver info: org.openqa.selenium.chrome.ChromeDriver&#10;Command: [832c3eebf1f7385d1c0e82f1848eca05, screenshot {}]&#10;Capabilities {acceptInsecureCerts: false, browserName: chrome-headless-shell, browserVersion: 127.0.6533.120, chrome: {chromedriverVersion: 127.0.6533.119 (bdef6783a05..., userDataDir: C:\Program Files\scoped_dir...}, fedcm:accounts: true, goog:chromeOptions: {debuggerAddress: localhost:56309}, networkConnectionEnabled: false, pageLoadStrategy: normal, platformName: windows, proxy: Proxy(), se:cdp: ws://localhost:56309/devtoo..., se:cdpVersion: 127.0.6533.120, setWindowRect: true, strictFileInteractability: false, timeouts: {implicit: 0, pageLoad: 300000, script: 30000}, unhandledPromptBehavior: dismiss and notify, webauthn:extension:credBlob: true, webauthn:extension:largeBlob: true, webauthn:extension:minPinLength: true, webauthn:extension:prf: true, webauthn:virtualAuthenticators: true}&#10;Session ID: 832c3eebf1f7385d1c0e82f1848eca05" type="org.openqa.selenium.TimeoutException">org.openqa.selenium.TimeoutException: 
java.util.concurrent.TimeoutException
Build info: version: '4.17.0', revision: 'e52b1be057*'
System info: os.name: 'Windows Server 2016', os.arch: 'amd64', os.version: '10.0', java.version: '17.0.1'
Driver info: org.openqa.selenium.chrome.ChromeDriver
Command: [832c3eebf1f7385d1c0e82f1848eca05, screenshot {}]
Capabilities {acceptInsecureCerts: false, browserName: chrome-headless-shell, browserVersion: 127.0.6533.120, chrome: {chromedriverVersion: 127.0.6533.119 (bdef6783a05..., userDataDir: C:\Program Files\scoped_dir...}, fedcm:accounts: true, goog:chromeOptions: {debuggerAddress: localhost:56309}, networkConnectionEnabled: false, pageLoadStrategy: normal, platformName: windows, proxy: Proxy(), se:cdp: ws://localhost:56309/devtoo..., se:cdpVersion: 127.0.6533.120, setWindowRect: true, strictFileInteractability: false, timeouts: {implicit: 0, pageLoad: 300000, script: 30000}, unhandledPromptBehavior: dismiss and notify, webauthn:extension:credBlob: true, webauthn:extension:largeBlob: true, webauthn:extension:minPinLength: true, webauthn:extension:prf: true, webauthn:virtualAuthenticators: true}
Session ID: 832c3eebf1f7385d1c0e82f1848eca05
Caused by: java.util.concurrent.TimeoutException
</failure>
    <system-out><![CDATA[
@Regressiontest
Scenario Outline: PrintTool - To verify that in Enbridge Landscape Template Attributes Layout user is able to print in all the different formats # Features/PrintTool.feature:22
*******************Test Case started*******************************
  Given Application is launched in browser for Print Tool SheetName "PrintTool" and rownumber 1                                                  # com.script.stepdefination.PrintToolStepDefinition.LaunchApplication(java.lang.String,int)
  When Print tool is clicked and tool is opened                                                                                                  # com.script.stepdefination.PrintToolStepDefinition.ClickPrintTool()
  Then In Enbridge Landscape Template Attributes Layout user is able to print in all the different formats SheetName "PrintTool" and rownumber 1 # com.script.stepdefination.PrintToolStepDefinition.PrintForEnbridgeLandscapeTemplateAttributesLayout(java.lang.String,int)
      org.openqa.selenium.TimeoutException: java.util.concurrent.TimeoutException
Build info: version: '4.17.0', revision: 'e52b1be057*'
System info: os.name: 'Windows Server 2016', os.arch: 'amd64', os.version: '10.0', java.version: '17.0.1'
Driver info: org.openqa.selenium.chrome.ChromeDriver
Command: [832c3eebf1f7385d1c0e82f1848eca05, screenshot {}]
Capabilities {acceptInsecureCerts: false, browserName: chrome-headless-shell, browserVersion: 127.0.6533.120, chrome: {chromedriverVersion: 127.0.6533.119 (bdef6783a05..., userDataDir: C:\Program Files\scoped_dir...}, fedcm:accounts: true, goog:chromeOptions: {debuggerAddress: localhost:56309}, networkConnectionEnabled: false, pageLoadStrategy: normal, platformName: windows, proxy: Proxy(), se:cdp: ws://localhost:56309/devtoo..., se:cdpVersion: 127.0.6533.120, setWindowRect: true, strictFileInteractability: false, timeouts: {implicit: 0, pageLoad: 300000, script: 30000}, unhandledPromptBehavior: dismiss and notify, webauthn:extension:credBlob: true, webauthn:extension:largeBlob: true, webauthn:extension:minPinLength: true, webauthn:extension:prf: true, webauthn:virtualAuthenticators: true}
Session ID: 832c3eebf1f7385d1c0e82f1848eca05
	at org.openqa.selenium.remote.http.jdk.JdkHttpClient.execute0(JdkHttpClient.java:402)
	at org.openqa.selenium.remote.http.AddSeleniumUserAgent.lambda$apply$0(AddSeleniumUserAgent.java:42)
	at org.openqa.selenium.remote.http.Filter.lambda$andFinally$1(Filter.java:55)
	at org.openqa.selenium.remote.http.jdk.JdkHttpClient.execute(JdkHttpClient.java:358)
	at org.openqa.selenium.remote.HttpCommandExecutor.execute(HttpCommandExecutor.java:187)
	at org.openqa.selenium.remote.service.DriverCommandExecutor.invokeExecute(DriverCommandExecutor.java:216)
	at org.openqa.selenium.remote.service.DriverCommandExecutor.execute(DriverCommandExecutor.java:174)
	at org.openqa.selenium.remote.RemoteWebDriver.execute(RemoteWebDriver.java:519)
	at org.openqa.selenium.remote.RemoteWebDriver.execute(RemoteWebDriver.java:592)
	at org.openqa.selenium.remote.RemoteWebDriver.execute(RemoteWebDriver.java:596)
	at org.openqa.selenium.remote.RemoteWebDriver.getScreenshotAs(RemoteWebDriver.java:322)
	at com.utilities.TestResultScreenshot.capture(TestResultScreenshot.java:15)
	at com.utilities.TestResults.PrintFailResultToReport(TestResults.java:89)
	at com.applicationfunction.ToolPrintPage.PrintForEnbridgeTemplateLayout(ToolPrintPage.java:100)
	at com.script.stepdefination.PrintToolStepDefinition.PrintForEnbridgeLandscapeTemplateAttributesLayout(PrintToolStepDefinition.java:52)
	at âœ½.In Enbridge Landscape Template Attributes Layout user is able to print in all the different formats SheetName "PrintTool" and rownumber 1(file:///D:/Data/AUTOMATION_ETL/SCHEDULE_TASKS/EMAP_UI_Automation-GTM/Features/PrintTool.feature:18)
Caused by: java.util.concurrent.TimeoutException
	at java.base/java.util.concurrent.CompletableFuture.timedGet(CompletableFuture.java:1960)
	at java.base/java.util.concurrent.CompletableFuture.get(CompletableFuture.java:2095)
	at org.openqa.selenium.remote.http.jdk.JdkHttpClient.execute0(JdkHttpClient.java:385)
	at org.openqa.selenium.remote.http.AddSeleniumUserAgent.lambda$apply$0(AddSeleniumUserAgent.java:42)
	at org.openqa.selenium.remote.http.Filter.lambda$andFinally$1(Filter.java:55)
	at org.openqa.selenium.remote.http.jdk.JdkHttpClient.execute(JdkHttpClient.java:358)
	at org.openqa.selenium.remote.HttpCommandExecutor.execute(HttpCommandExecutor.java:187)
	at org.openqa.selenium.remote.service.DriverCommandExecutor.invokeExecute(DriverCommandExecutor.java:216)
	at org.openqa.selenium.remote.service.DriverCommandExecutor.execute(DriverCommandExecutor.java:174)
	at org.openqa.selenium.remote.RemoteWebDriver.execute(RemoteWebDriver.java:519)
	at org.openqa.selenium.remote.RemoteWebDriver.execute(RemoteWebDriver.java:592)
	at org.openqa.selenium.remote.RemoteWebDriver.execute(RemoteWebDriver.java:596)
	at org.openqa.selenium.remote.RemoteWebDriver.getScreenshotAs(RemoteWebDriver.java:322)
	at com.utilities.TestResultScreenshot.capture(TestResultScreenshot.java:15)
	at com.utilities.TestResults.PrintFailResultToReport(TestResults.java:89)
	at com.applicationfunction.ToolPrintPage.PrintForEnbridgeTemplateLayout(ToolPrintPage.java:100)
	at com.script.stepdefination.PrintToolStepDefinition.PrintForEnbridgeLandscapeTemplateAttributesLayout(PrintToolStepDefinition.java:52)
	at java.base/jdk.internal.reflect.NativeMethodAccessorImpl.invoke0(Native Method)
	at java.base/jdk.internal.reflect.NativeMethodAccessorImpl.invoke(NativeMethodAccessorImpl.java:77)
	at java.base/jdk.internal.reflect.DelegatingMethodAccessorImpl.invoke(DelegatingMethodAccessorImpl.java:43)
	at java.base/java.lang.reflect.Method.invoke(Method.java:568)
	at io.cucumber.java.Invoker.doInvoke(Invoker.java:66)
	at io.cucumber.java.Invoker.invoke(Invoker.java:24)
	at io.cucumber.java.AbstractGlueDefinition.invokeMethod(AbstractGlueDefinition.java:44)
	at io.cucumber.java.JavaStepDefinition.execute(JavaStepDefinition.java:29)
	at io.cucumber.core.runner.PickleStepDefinitionMatch.runStep(PickleStepDefinitionMatch.java:63)
	at io.cucumber.core.runner.TestStep.executeStep(TestStep.java:92)
	at io.cucumber.core.runner.TestStep.run(TestStep.java:63)
	at io.cucumber.core.runner.PickleStepTestStep.run(PickleStepTestStep.java:49)
	at io.cucumber.core.runner.TestCase.run(TestCase.java:98)
	at io.cucumber.core.runner.Runner.runPickle(Runner.java:71)
	at io.cucumber.testng.TestNGCucumberRunner.lambda$runScenario$0(TestNGCucumberRunner.java:115)
	at io.cucumber.core.runtime.CucumberExecutionContext.runTestCase(CucumberExecutionContext.java:131)
	at io.cucumber.testng.TestNGCucumberRunner.runScenario(TestNGCucumberRunner.java:112)
	at io.cucumber.testng.AbstractTestNGCucumberTests.runScenario(AbstractTestNGCucumberTests.java:31)
	at jdk.internal.reflect.GeneratedMethodAccessor9.invoke(Unknown Source)
	at java.base/jdk.internal.reflect.DelegatingMethodAccessorImpl.invoke(DelegatingMethodAccessorImpl.java:43)
	at java.base/java.lang.reflect.Method.invoke(Method.java:568)
	at org.testng.internal.MethodInvocationHelper.invokeMethod(MethodInvocationHelper.java:133)
	at org.testng.internal.TestInvoker.invokeMethod(TestInvoker.java:598)
	at org.testng.internal.TestInvoker.invokeTestMethod(TestInvoker.java:173)
	at org.testng.internal.MethodRunner.runInSequence(MethodRunner.java:46)
	at org.testng.internal.TestInvoker$MethodInvocationAgent.invoke(TestInvoker.java:824)
	at org.testng.internal.TestInvoker.invokeTestMethods(TestInvoker.java:146)
	at org.testng.internal.TestMethodWorker.invokeTestMethods(TestMethodWorker.java:146)
	at org.testng.internal.TestMethodWorker.run(TestMethodWorker.java:128)
	at java.base/java.util.ArrayList.forEach(ArrayList.java:1511)
	at org.testng.TestRunner.privateRun(TestRunner.java:794)
	at org.testng.TestRunner.run(TestRunner.java:596)
	at org.testng.SuiteRunner.runTest(SuiteRunner.java:377)
	at org.testng.SuiteRunner.runSequentially(SuiteRunner.java:371)
	at org.testng.SuiteRunner.privateRun(SuiteRunner.java:332)
	at org.testng.SuiteRunner.run(SuiteRunner.java:276)
	at org.testng.SuiteRunnerWorker.runSuite(SuiteRunnerWorker.java:53)
	at org.testng.SuiteRunnerWorker.run(SuiteRunnerWorker.java:96)
	at org.testng.TestNG.runSuitesSequentially(TestNG.java:1212)
	at org.testng.TestNG.runSuitesLocally(TestNG.java:1134)
	at org.testng.TestNG.runSuites(TestNG.java:1063)
	at org.testng.TestNG.run(TestNG.java:1031)
	at org.apache.maven.surefire.testng.TestNGExecutor.run(TestNGExecutor.java:132)
	at org.apache.maven.surefire.testng.TestNGDirectoryTestSuite.executeMulti(TestNGDirectoryTestSuite.java:193)
	at org.apache.maven.surefire.testng.TestNGDirectoryTestSuite.execute(TestNGDirectoryTestSuite.java:94)
	at org.apache.maven.surefire.testng.TestNGProvider.invoke(TestNGProvider.java:147)
	at org.apache.maven.surefire.booter.ForkedBooter.invokeProviderInSameClassLoader(ForkedBooter.java:290)
	at org.apache.maven.surefire.booter.ForkedBooter.runSuitesInProcess(ForkedBooter.java:242)
	at org.apache.maven.surefire.booter.ForkedBooter.main(ForkedBooter.java:121)

]]></system-out>
    <system-err><![CDATA[Aug 22, 2024 4:36:33 AM org.openqa.selenium.devtools.CdpVersionFinder findNearestMatch
WARNING: Unable to find CDP implementation matching 127
Aug 22, 2024 4:36:33 AM org.openqa.selenium.chromium.ChromiumDriver lambda$new$5
WARNING: Unable to find version of CDP to use for 127.0.6533.120. You may need to include a dependency on a specific version of the CDP using something similar to `org.seleniumhq.selenium:selenium-devtools-v86:4.17.0` where the version ("v86") matches the version of the chromium-based browser you're using and the version number of the artifact is the same as Selenium's.
]]></system-err>
  </testcase>
  <testcase name="runScenario" classname="com.script.runner.AllToolsRunner" time="31.641">
    <failure type="java.lang.AssertionError:">java.lang.AssertionError: null
</failure>
    <system-out><![CDATA[
@Regressiontest
Scenario Outline: PrintTool - To verify that in Enbridge Portrait Template Layout user is able to print in all the different formats # Features/PrintTool.feature:32
*******************Test Case started*******************************
  Given Application is launched in browser for Print Tool SheetName "PrintTool" and rownumber 2                                      # com.script.stepdefination.PrintToolStepDefinition.LaunchApplication(java.lang.String,int)
  When Print tool is clicked and tool is opened                                                                                      # com.script.stepdefination.PrintToolStepDefinition.ClickPrintTool()
  Then In Enbridge Portrait Template Layout user is able to print in all the different formats SheetName "PrintTool" and rownumber 2 # com.script.stepdefination.PrintToolStepDefinition.PrintForEnbridgePortraitTemplateLayout(java.lang.String,int)
      java.lang.AssertionError: null
	at org.testng.Assert.fail(Assert.java:99)
	at org.testng.Assert.fail(Assert.java:106)
	at com.utilities.StepExecutor.ElementClick(StepExecutor.java:55)
	at com.applicationfunction.ToolPrintPage.PrintForEnbridgeTemplateLayout(ToolPrintPage.java:64)
	at com.script.stepdefination.PrintToolStepDefinition.PrintForEnbridgePortraitTemplateLayout(PrintToolStepDefinition.java:59)
	at âœ½.In Enbridge Portrait Template Layout user is able to print in all the different formats SheetName "PrintTool" and rownumber 2(file:///D:/Data/AUTOMATION_ETL/SCHEDULE_TASKS/EMAP_UI_Automation-GTM/Features/PrintTool.feature:28)

]]></system-out>
    <system-err><![CDATA[Aug 22, 2024 4:44:17 AM org.openqa.selenium.devtools.CdpVersionFinder findNearestMatch
WARNING: Unable to find CDP implementation matching 127
Aug 22, 2024 4:44:17 AM org.openqa.selenium.chromium.ChromiumDriver lambda$new$5
WARNING: Unable to find version of CDP to use for 127.0.6533.120. You may need to include a dependency on a specific version of the CDP using something similar to `org.seleniumhq.selenium:selenium-devtools-v86:4.17.0` where the version ("v86") matches the version of the chromium-based browser you're using and the version number of the artifact is the same as Selenium's.
]]></system-err>
  </testcase>
  <testcase name="runScenario" classname="com.script.runner.AllToolsRunner" time="31.788">
    <failure type="java.lang.AssertionError:">java.lang.AssertionError: null
</failure>
    <system-out><![CDATA[
@Regressiontest
Scenario Outline: PrintTool - To verify that in Enbridge Portrait Template Attributes Layout user is able to print in all the different formats # Features/PrintTool.feature:42
*******************Test Case started*******************************
  Given Application is launched in browser for Print Tool SheetName "PrintTool" and rownumber 3                                                 # com.script.stepdefination.PrintToolStepDefinition.LaunchApplication(java.lang.String,int)
  When Print tool is clicked and tool is opened                                                                                                 # com.script.stepdefination.PrintToolStepDefinition.ClickPrintTool()
  Then In Enbridge Portrait Template Attributes Layout user is able to print in all the different formats SheetName "PrintTool" and rownumber 3 # com.script.stepdefination.PrintToolStepDefinition.PrintForEnbridgePortraitTemplateAttributesLayout(java.lang.String,int)
      java.lang.AssertionError: null
	at org.testng.Assert.fail(Assert.java:99)
	at org.testng.Assert.fail(Assert.java:106)
	at com.utilities.StepExecutor.ElementClick(StepExecutor.java:55)
	at com.applicationfunction.ToolPrintPage.PrintForEnbridgeTemplateLayout(ToolPrintPage.java:64)
	at com.script.stepdefination.PrintToolStepDefinition.PrintForEnbridgePortraitTemplateAttributesLayout(PrintToolStepDefinition.java:66)
	at âœ½.In Enbridge Portrait Template Attributes Layout user is able to print in all the different formats SheetName "PrintTool" and rownumber 3(file:///D:/Data/AUTOMATION_ETL/SCHEDULE_TASKS/EMAP_UI_Automation-GTM/Features/PrintTool.feature:38)

]]></system-out>
    <system-err><![CDATA[Aug 22, 2024 4:44:49 AM org.openqa.selenium.devtools.CdpVersionFinder findNearestMatch
WARNING: Unable to find CDP implementation matching 127
Aug 22, 2024 4:44:49 AM org.openqa.selenium.chromium.ChromiumDriver lambda$new$5
WARNING: Unable to find version of CDP to use for 127.0.6533.120. You may need to include a dependency on a specific version of the CDP using something similar to `org.seleniumhq.selenium:selenium-devtools-v86:4.17.0` where the version ("v86") matches the version of the chromium-based browser you're using and the version number of the artifact is the same as Selenium's.
]]></system-err>
  </testcase>
  <testcase name="runScenario" classname="com.script.runner.AllToolsRunner" time="426.176">
    <failure message="java.util.concurrent.TimeoutException&#10;Build info: version: &apos;4.17.0&apos;, revision: &apos;e52b1be057*&apos;&#10;System info: os.name: &apos;Windows Server 2016&apos;, os.arch: &apos;amd64&apos;, os.version: &apos;10.0&apos;, java.version: &apos;17.0.1&apos;&#10;Driver info: org.openqa.selenium.chrome.ChromeDriver&#10;Command: [5795935a24c2c11f1a5a3b996735216d, screenshot {}]&#10;Capabilities {acceptInsecureCerts: false, browserName: chrome-headless-shell, browserVersion: 127.0.6533.120, chrome: {chromedriverVersion: 127.0.6533.119 (bdef6783a05..., userDataDir: C:\Program Files\scoped_dir...}, fedcm:accounts: true, goog:chromeOptions: {debuggerAddress: localhost:57301}, networkConnectionEnabled: false, pageLoadStrategy: normal, platformName: windows, proxy: Proxy(), se:cdp: ws://localhost:57301/devtoo..., se:cdpVersion: 127.0.6533.120, setWindowRect: true, strictFileInteractability: false, timeouts: {implicit: 0, pageLoad: 300000, script: 30000}, unhandledPromptBehavior: dismiss and notify, webauthn:extension:credBlob: true, webauthn:extension:largeBlob: true, webauthn:extension:minPinLength: true, webauthn:extension:prf: true, webauthn:virtualAuthenticators: true}&#10;Session ID: 5795935a24c2c11f1a5a3b996735216d" type="org.openqa.selenium.TimeoutException">org.openqa.selenium.TimeoutException: 
java.util.concurrent.TimeoutException
Build info: version: '4.17.0', revision: 'e52b1be057*'
System info: os.name: 'Windows Server 2016', os.arch: 'amd64', os.version: '10.0', java.version: '17.0.1'
Driver info: org.openqa.selenium.chrome.ChromeDriver
Command: [5795935a24c2c11f1a5a3b996735216d, screenshot {}]
Capabilities {acceptInsecureCerts: false, browserName: chrome-headless-shell, browserVersion: 127.0.6533.120, chrome: {chromedriverVersion: 127.0.6533.119 (bdef6783a05..., userDataDir: C:\Program Files\scoped_dir...}, fedcm:accounts: true, goog:chromeOptions: {debuggerAddress: localhost:57301}, networkConnectionEnabled: false, pageLoadStrategy: normal, platformName: windows, proxy: Proxy(), se:cdp: ws://localhost:57301/devtoo..., se:cdpVersion: 127.0.6533.120, setWindowRect: true, strictFileInteractability: false, timeouts: {implicit: 0, pageLoad: 300000, script: 30000}, unhandledPromptBehavior: dismiss and notify, webauthn:extension:credBlob: true, webauthn:extension:largeBlob: true, webauthn:extension:minPinLength: true, webauthn:extension:prf: true, webauthn:virtualAuthenticators: true}
Session ID: 5795935a24c2c11f1a5a3b996735216d
Caused by: java.util.concurrent.TimeoutException
</failure>
    <system-out><![CDATA[
@Regressiontest
Scenario Outline: PrintTool - To verify that in LP_ClassLocation_Layout_Static_PROD_10.4 Layout user is able to print in all the different formats # Features/PrintTool.feature:52
*******************Test Case started*******************************
  Given Application is launched in browser for Print Tool SheetName "PrintTool" and rownumber 4                                                    # com.script.stepdefination.PrintToolStepDefinition.LaunchApplication(java.lang.String,int)
  When Print tool is clicked and tool is opened                                                                                                    # com.script.stepdefination.PrintToolStepDefinition.ClickPrintTool()
  Then In LP_ClassLocation_Layout_Static_PROD_10.4 Layout user is able to print in all the different formats SheetName "PrintTool" and rownumber 4 # com.script.stepdefination.PrintToolStepDefinition.PrintForLPClassLocationLayoutStaticPRODAttributesLayout(java.lang.String,int)
      org.openqa.selenium.TimeoutException: java.util.concurrent.TimeoutException
Build info: version: '4.17.0', revision: 'e52b1be057*'
System info: os.name: 'Windows Server 2016', os.arch: 'amd64', os.version: '10.0', java.version: '17.0.1'
Driver info: org.openqa.selenium.chrome.ChromeDriver
Command: [5795935a24c2c11f1a5a3b996735216d, screenshot {}]
Capabilities {acceptInsecureCerts: false, browserName: chrome-headless-shell, browserVersion: 127.0.6533.120, chrome: {chromedriverVersion: 127.0.6533.119 (bdef6783a05..., userDataDir: C:\Program Files\scoped_dir...}, fedcm:accounts: true, goog:chromeOptions: {debuggerAddress: localhost:57301}, networkConnectionEnabled: false, pageLoadStrategy: normal, platformName: windows, proxy: Proxy(), se:cdp: ws://localhost:57301/devtoo..., se:cdpVersion: 127.0.6533.120, setWindowRect: true, strictFileInteractability: false, timeouts: {implicit: 0, pageLoad: 300000, script: 30000}, unhandledPromptBehavior: dismiss and notify, webauthn:extension:credBlob: true, webauthn:extension:largeBlob: true, webauthn:extension:minPinLength: true, webauthn:extension:prf: true, webauthn:virtualAuthenticators: true}
Session ID: 5795935a24c2c11f1a5a3b996735216d
	at org.openqa.selenium.remote.http.jdk.JdkHttpClient.execute0(JdkHttpClient.java:402)
	at org.openqa.selenium.remote.http.AddSeleniumUserAgent.lambda$apply$0(AddSeleniumUserAgent.java:42)
	at org.openqa.selenium.remote.http.Filter.lambda$andFinally$1(Filter.java:55)
	at org.openqa.selenium.remote.http.jdk.JdkHttpClient.execute(JdkHttpClient.java:358)
	at org.openqa.selenium.remote.HttpCommandExecutor.execute(HttpCommandExecutor.java:187)
	at org.openqa.selenium.remote.service.DriverCommandExecutor.invokeExecute(DriverCommandExecutor.java:216)
	at org.openqa.selenium.remote.service.DriverCommandExecutor.execute(DriverCommandExecutor.java:174)
	at org.openqa.selenium.remote.RemoteWebDriver.execute(RemoteWebDriver.java:519)
	at org.openqa.selenium.remote.RemoteWebDriver.execute(RemoteWebDriver.java:592)
	at org.openqa.selenium.remote.RemoteWebDriver.execute(RemoteWebDriver.java:596)
	at org.openqa.selenium.remote.RemoteWebDriver.getScreenshotAs(RemoteWebDriver.java:322)
	at com.utilities.TestResultScreenshot.capture(TestResultScreenshot.java:15)
	at com.utilities.TestResults.PrintFailResultToReport(TestResults.java:89)
	at com.applicationfunction.ToolPrintPage.PrintForEnbridgeTemplateLayout(ToolPrintPage.java:100)
	at com.script.stepdefination.PrintToolStepDefinition.PrintForLPClassLocationLayoutStaticPRODAttributesLayout(PrintToolStepDefinition.java:73)
	at âœ½.In LP_ClassLocation_Layout_Static_PROD_10.4 Layout user is able to print in all the different formats SheetName "PrintTool" and rownumber 4(file:///D:/Data/AUTOMATION_ETL/SCHEDULE_TASKS/EMAP_UI_Automation-GTM/Features/PrintTool.feature:48)
Caused by: java.util.concurrent.TimeoutException
	at java.base/java.util.concurrent.CompletableFuture.timedGet(CompletableFuture.java:1960)
	at java.base/java.util.concurrent.CompletableFuture.get(CompletableFuture.java:2095)
	at org.openqa.selenium.remote.http.jdk.JdkHttpClient.execute0(JdkHttpClient.java:385)
	at org.openqa.selenium.remote.http.AddSeleniumUserAgent.lambda$apply$0(AddSeleniumUserAgent.java:42)
	at org.openqa.selenium.remote.http.Filter.lambda$andFinally$1(Filter.java:55)
	at org.openqa.selenium.remote.http.jdk.JdkHttpClient.execute(JdkHttpClient.java:358)
	at org.openqa.selenium.remote.HttpCommandExecutor.execute(HttpCommandExecutor.java:187)
	at org.openqa.selenium.remote.service.DriverCommandExecutor.invokeExecute(DriverCommandExecutor.java:216)
	at org.openqa.selenium.remote.service.DriverCommandExecutor.execute(DriverCommandExecutor.java:174)
	at org.openqa.selenium.remote.RemoteWebDriver.execute(RemoteWebDriver.java:519)
	at org.openqa.selenium.remote.RemoteWebDriver.execute(RemoteWebDriver.java:592)
	at org.openqa.selenium.remote.RemoteWebDriver.execute(RemoteWebDriver.java:596)
	at org.openqa.selenium.remote.RemoteWebDriver.getScreenshotAs(RemoteWebDriver.java:322)
	at com.utilities.TestResultScreenshot.capture(TestResultScreenshot.java:15)
	at com.utilities.TestResults.PrintFailResultToReport(TestResults.java:89)
	at com.applicationfunction.ToolPrintPage.PrintForEnbridgeTemplateLayout(ToolPrintPage.java:100)
	at com.script.stepdefination.PrintToolStepDefinition.PrintForLPClassLocationLayoutStaticPRODAttributesLayout(PrintToolStepDefinition.java:73)
	at java.base/jdk.internal.reflect.NativeMethodAccessorImpl.invoke0(Native Method)
	at java.base/jdk.internal.reflect.NativeMethodAccessorImpl.invoke(NativeMethodAccessorImpl.java:77)
	at java.base/jdk.internal.reflect.DelegatingMethodAccessorImpl.invoke(DelegatingMethodAccessorImpl.java:43)
	at java.base/java.lang.reflect.Method.invoke(Method.java:568)
	at io.cucumber.java.Invoker.doInvoke(Invoker.java:66)
	at io.cucumber.java.Invoker.invoke(Invoker.java:24)
	at io.cucumber.java.AbstractGlueDefinition.invokeMethod(AbstractGlueDefinition.java:44)
	at io.cucumber.java.JavaStepDefinition.execute(JavaStepDefinition.java:29)
	at io.cucumber.core.runner.PickleStepDefinitionMatch.runStep(PickleStepDefinitionMatch.java:63)
	at io.cucumber.core.runner.TestStep.executeStep(TestStep.java:92)
	at io.cucumber.core.runner.TestStep.run(TestStep.java:63)
	at io.cucumber.core.runner.PickleStepTestStep.run(PickleStepTestStep.java:49)
	at io.cucumber.core.runner.TestCase.run(TestCase.java:98)
	at io.cucumber.core.runner.Runner.runPickle(Runner.java:71)
	at io.cucumber.testng.TestNGCucumberRunner.lambda$runScenario$0(TestNGCucumberRunner.java:115)
	at io.cucumber.core.runtime.CucumberExecutionContext.runTestCase(CucumberExecutionContext.java:131)
	at io.cucumber.testng.TestNGCucumberRunner.runScenario(TestNGCucumberRunner.java:112)
	at io.cucumber.testng.AbstractTestNGCucumberTests.runScenario(AbstractTestNGCucumberTests.java:31)
	at jdk.internal.reflect.GeneratedMethodAccessor9.invoke(Unknown Source)
	at java.base/jdk.internal.reflect.DelegatingMethodAccessorImpl.invoke(DelegatingMethodAccessorImpl.java:43)
	at java.base/java.lang.reflect.Method.invoke(Method.java:568)
	at org.testng.internal.MethodInvocationHelper.invokeMethod(MethodInvocationHelper.java:133)
	at org.testng.internal.TestInvoker.invokeMethod(TestInvoker.java:598)
	at org.testng.internal.TestInvoker.invokeTestMethod(TestInvoker.java:173)
	at org.testng.internal.MethodRunner.runInSequence(MethodRunner.java:46)
	at org.testng.internal.TestInvoker$MethodInvocationAgent.invoke(TestInvoker.java:824)
	at org.testng.internal.TestInvoker.invokeTestMethods(TestInvoker.java:146)
	at org.testng.internal.TestMethodWorker.invokeTestMethods(TestMethodWorker.java:146)
	at org.testng.internal.TestMethodWorker.run(TestMethodWorker.java:128)
	at java.base/java.util.ArrayList.forEach(ArrayList.java:1511)
	at org.testng.TestRunner.privateRun(TestRunner.java:794)
	at org.testng.TestRunner.run(TestRunner.java:596)
	at org.testng.SuiteRunner.runTest(SuiteRunner.java:377)
	at org.testng.SuiteRunner.runSequentially(SuiteRunner.java:371)
	at org.testng.SuiteRunner.privateRun(SuiteRunner.java:332)
	at org.testng.SuiteRunner.run(SuiteRunner.java:276)
	at org.testng.SuiteRunnerWorker.runSuite(SuiteRunnerWorker.java:53)
	at org.testng.SuiteRunnerWorker.run(SuiteRunnerWorker.java:96)
	at org.testng.TestNG.runSuitesSequentially(TestNG.java:1212)
	at org.testng.TestNG.runSuitesLocally(TestNG.java:1134)
	at org.testng.TestNG.runSuites(TestNG.java:1063)
	at org.testng.TestNG.run(TestNG.java:1031)
	at org.apache.maven.surefire.testng.TestNGExecutor.run(TestNGExecutor.java:132)
	at org.apache.maven.surefire.testng.TestNGDirectoryTestSuite.executeMulti(TestNGDirectoryTestSuite.java:193)
	at org.apache.maven.surefire.testng.TestNGDirectoryTestSuite.execute(TestNGDirectoryTestSuite.java:94)
	at org.apache.maven.surefire.testng.TestNGProvider.invoke(TestNGProvider.java:147)
	at org.apache.maven.surefire.booter.ForkedBooter.invokeProviderInSameClassLoader(ForkedBooter.java:290)
	at org.apache.maven.surefire.booter.ForkedBooter.runSuitesInProcess(ForkedBooter.java:242)
	at org.apache.maven.surefire.booter.ForkedBooter.main(ForkedBooter.java:121)

]]></system-out>
    <system-err><![CDATA[Aug 22, 2024 4:45:21 AM org.openqa.selenium.devtools.CdpVersionFinder findNearestMatch
WARNING: Unable to find CDP implementation matching 127
Aug 22, 2024 4:45:21 AM org.openqa.selenium.chromium.ChromiumDriver lambda$new$5
WARNING: Unable to find version of CDP to use for 127.0.6533.120. You may need to include a dependency on a specific version of the CDP using something similar to `org.seleniumhq.selenium:selenium-devtools-v86:4.17.0` where the version ("v86") matches the version of the chromium-based browser you're using and the version number of the artifact is the same as Selenium's.
]]></system-err>
  </testcase>
  <testcase name="runScenario" classname="com.script.runner.AllToolsRunner" time="331.583"/>
  <testcase name="runScenario" classname="com.script.runner.AllToolsRunner" time="328.696"/>
  <testcase name="runScenario" classname="com.script.runner.AllToolsRunner" time="36.876">
    <failure type="java.lang.AssertionError:">java.lang.AssertionError: null
</failure>
    <system-out><![CDATA[
@Regressiontest
Scenario Outline: ProximityTool - To verify that user should be able to use proximity tool to locate address on map with Feet unit # Features/ProximityTool.feature:32
*******************Test Case started*******************************
  Given Application is launched in browser for Proximity Tool SheetName "ProximityTool" and rownumber 2                            # com.script.stepdefination.ProximityToolStepDefinition.LaunchApplication(java.lang.String,int)
  When Proximity tool is clicked and tool is opened                                                                                # com.script.stepdefination.ProximityToolStepDefinition.ClickProximityTool()
  Then User should be able to use proximity tool to locate address on map with Feet unit SheetName "ProximityTool" and rownumber 2 # com.script.stepdefination.ProximityToolStepDefinition.GetProximityOnMapWithFeetUnit(java.lang.String,int)
      java.lang.AssertionError: null
	at org.testng.Assert.fail(Assert.java:99)
	at org.testng.Assert.fail(Assert.java:106)
	at com.utilities.StepExecutor.ElementClick(StepExecutor.java:55)
	at com.applicationfunction.ToolProximityPage.EnterAddress(ToolProximityPage.java:69)
	at com.script.stepdefination.ProximityToolStepDefinition.GetProximityOnMapWithFeetUnit(ProximityToolStepDefinition.java:64)
	at âœ½.User should be able to use proximity tool to locate address on map with Feet unit SheetName "ProximityTool" and rownumber 2(file:///D:/Data/AUTOMATION_ETL/SCHEDULE_TASKS/EMAP_UI_Automation-GTM/Features/ProximityTool.feature:28)

]]></system-out>
    <system-err><![CDATA[Aug 22, 2024 5:03:29 AM org.openqa.selenium.devtools.CdpVersionFinder findNearestMatch
WARNING: Unable to find CDP implementation matching 127
Aug 22, 2024 5:03:29 AM org.openqa.selenium.chromium.ChromiumDriver lambda$new$5
WARNING: Unable to find version of CDP to use for 127.0.6533.120. You may need to include a dependency on a specific version of the CDP using something similar to `org.seleniumhq.selenium:selenium-devtools-v86:4.17.0` where the version ("v86") matches the version of the chromium-based browser you're using and the version number of the artifact is the same as Selenium's.
]]></system-err>
  </testcase>
  <testcase name="runScenario" classname="com.script.runner.AllToolsRunner" time="36.515">
    <failure type="java.lang.AssertionError:">java.lang.AssertionError: null
</failure>
    <system-out><![CDATA[
@Regressiontest
Scenario Outline: ProximityTool - To verify that user should be able to use proximity tool to locate address on map with Miles unit # Features/ProximityTool.feature:42
*******************Test Case started*******************************
  Given Application is launched in browser for Proximity Tool SheetName "ProximityTool" and rownumber 3                             # com.script.stepdefination.ProximityToolStepDefinition.LaunchApplication(java.lang.String,int)
  When Proximity tool is clicked and tool is opened                                                                                 # com.script.stepdefination.ProximityToolStepDefinition.ClickProximityTool()
  Then User should be able to use proximity tool to locate address on map with Miles unit SheetName "ProximityTool" and rownumber 3 # com.script.stepdefination.ProximityToolStepDefinition.GetProximityOnMapWithMilesUnit(java.lang.String,int)
      java.lang.AssertionError: null
	at org.testng.Assert.fail(Assert.java:99)
	at org.testng.Assert.fail(Assert.java:106)
	at com.utilities.StepExecutor.ElementClick(StepExecutor.java:55)
	at com.applicationfunction.ToolProximityPage.EnterAddress(ToolProximityPage.java:69)
	at com.script.stepdefination.ProximityToolStepDefinition.GetProximityOnMapWithMilesUnit(ProximityToolStepDefinition.java:72)
	at âœ½.User should be able to use proximity tool to locate address on map with Miles unit SheetName "ProximityTool" and rownumber 3(file:///D:/Data/AUTOMATION_ETL/SCHEDULE_TASKS/EMAP_UI_Automation-GTM/Features/ProximityTool.feature:38)

]]></system-out>
    <system-err><![CDATA[Aug 22, 2024 5:04:04 AM org.openqa.selenium.devtools.CdpVersionFinder findNearestMatch
WARNING: Unable to find CDP implementation matching 127
Aug 22, 2024 5:04:04 AM org.openqa.selenium.chromium.ChromiumDriver lambda$new$5
WARNING: Unable to find version of CDP to use for 127.0.6533.120. You may need to include a dependency on a specific version of the CDP using something similar to `org.seleniumhq.selenium:selenium-devtools-v86:4.17.0` where the version ("v86") matches the version of the chromium-based browser you're using and the version number of the artifact is the same as Selenium's.
]]></system-err>
  </testcase>
  <testcase name="runScenario" classname="com.script.runner.AllToolsRunner" time="21.268"/>
  <testcase name="runScenario" classname="com.script.runner.AllToolsRunner" time="36.004"/>
  <testcase name="runScenario" classname="com.script.runner.AllToolsRunner" time="45.75"/>
  <testcase name="runScenario" classname="com.script.runner.AllToolsRunner" time="40.318"/>
  <testcase name="runScenario" classname="com.script.runner.AllToolsRunner" time="49.08"/>
  <testcase name="runScenario" classname="com.script.runner.AllToolsRunner" time="25.696"/>
  <testcase name="runScenario" classname="com.script.runner.AllToolsRunner" time="26.447"/>
  <testcase name="runScenario" classname="com.script.runner.AllToolsRunner" time="25.257"/>
  <testcase name="runScenario" classname="com.script.runner.AllToolsRunner" time="25.709"/>
  <testcase name="runScenario" classname="com.script.runner.AllToolsRunner" time="26.273"/>
  <testcase name="runScenario" classname="com.script.runner.AllToolsRunner" time="25.982"/>
  <testcase name="runScenario" classname="com.script.runner.AllToolsRunner" time="30.236"/>
  <testcase name="runScenario" classname="com.script.runner.AllToolsRunner" time="33.485"/>
  <testcase name="runScenario" classname="com.script.runner.AllToolsRunner" time="27.93"/>
  <testcase name="runScenario" classname="com.script.runner.AllToolsRunner" time="38.295"/>
  <testcase name="runScenario" classname="com.script.runner.FailedScenariosRerunRunner" time="26.89">
    <failure type="java.lang.AssertionError:">java.lang.AssertionError: null
</failure>
    <system-out><![CDATA[*******************Test Case started*******************************
]]></system-out>
    <system-err><![CDATA[Aug 22, 2024 5:12:40 AM org.openqa.selenium.devtools.CdpVersionFinder findNearestMatch
WARNING: Unable to find CDP implementation matching 127
Aug 22, 2024 5:12:40 AM org.openqa.selenium.chromium.ChromiumDriver lambda$new$5
WARNING: Unable to find version of CDP to use for 127.0.6533.120. You may need to include a dependency on a specific version of the CDP using something similar to `org.seleniumhq.selenium:selenium-devtools-v86:4.17.0` where the version ("v86") matches the version of the chromium-based browser you're using and the version number of the artifact is the same as Selenium's.
Cleaning up unclosed ZipFile for archive D:\Data\AUTOMATION_ETL\SCHEDULE_TASKS\EMAP_UI_Automation-GTM\.\TestData\EmapTestData.xlsx
]]></system-err>
  </testcase>
  <testcase name="runScenario" classname="com.script.runner.FailedScenariosRerunRunner" time="21.555">
    <failure type="java.lang.AssertionError:">java.lang.AssertionError: null
</failure>
    <system-out><![CDATA[*******************Test Case started*******************************
]]></system-out>
    <system-err><![CDATA[Aug 22, 2024 5:13:07 AM org.openqa.selenium.devtools.CdpVersionFinder findNearestMatch
WARNING: Unable to find CDP implementation matching 127
Aug 22, 2024 5:13:07 AM org.openqa.selenium.chromium.ChromiumDriver lambda$new$5
WARNING: Unable to find version of CDP to use for 127.0.6533.120. You may need to include a dependency on a specific version of the CDP using something similar to `org.seleniumhq.selenium:selenium-devtools-v86:4.17.0` where the version ("v86") matches the version of the chromium-based browser you're using and the version number of the artifact is the same as Selenium's.
]]></system-err>
  </testcase>
  <testcase name="runScenario" classname="com.script.runner.FailedScenariosRerunRunner" time="31.488">
    <failure type="java.lang.AssertionError:">java.lang.AssertionError: null
</failure>
    <system-out><![CDATA[*******************Test Case started*******************************
]]></system-out>
    <system-err><![CDATA[Aug 22, 2024 5:13:28 AM org.openqa.selenium.devtools.CdpVersionFinder findNearestMatch
WARNING: Unable to find CDP implementation matching 127
Aug 22, 2024 5:13:28 AM org.openqa.selenium.chromium.ChromiumDriver lambda$new$5
WARNING: Unable to find version of CDP to use for 127.0.6533.120. You may need to include a dependency on a specific version of the CDP using something similar to `org.seleniumhq.selenium:selenium-devtools-v86:4.17.0` where the version ("v86") matches the version of the chromium-based browser you're using and the version number of the artifact is the same as Selenium's.
Cleaning up unclosed ZipFile for archive D:\Data\AUTOMATION_ETL\SCHEDULE_TASKS\EMAP_UI_Automation-GTM\.\TestData\EmapTestData.xlsx
Aug 22, 2024 5:13:55 AM org.openqa.selenium.remote.http.WebSocket$Listener onError
WARNING: Connection reset
java.net.SocketException: Connection reset
	at java.base/sun.nio.ch.SocketChannelImpl.throwConnectionReset(SocketChannelImpl.java:394)
	at java.base/sun.nio.ch.SocketChannelImpl.read(SocketChannelImpl.java:426)
	at java.net.http/jdk.internal.net.http.SocketTube.readAvailable(SocketTube.java:1170)
	at java.net.http/jdk.internal.net.http.SocketTube$InternalReadPublisher$InternalReadSubscription.read(SocketTube.java:833)
	at java.net.http/jdk.internal.net.http.SocketTube$SocketFlowTask.run(SocketTube.java:181)
	at java.net.http/jdk.internal.net.http.common.SequentialScheduler$SchedulableTask.run(SequentialScheduler.java:230)
	at java.net.http/jdk.internal.net.http.common.SequentialScheduler.runOrSchedule(SequentialScheduler.java:303)
	at java.net.http/jdk.internal.net.http.common.SequentialScheduler.runOrSchedule(SequentialScheduler.java:256)
	at java.net.http/jdk.internal.net.http.SocketTube$InternalReadPublisher$InternalReadSubscription.signalReadable(SocketTube.java:774)
	at java.net.http/jdk.internal.net.http.SocketTube$InternalReadPublisher$ReadEvent.signalEvent(SocketTube.java:957)
	at java.net.http/jdk.internal.net.http.SocketTube$SocketFlowEvent.handle(SocketTube.java:253)
	at java.net.http/jdk.internal.net.http.HttpClientImpl$SelectorManager.handleEvent(HttpClientImpl.java:979)
	at java.net.http/jdk.internal.net.http.HttpClientImpl$SelectorManager.lambda$run$3(HttpClientImpl.java:934)
	at java.base/java.util.ArrayList.forEach(ArrayList.java:1511)
	at java.net.http/jdk.internal.net.http.HttpClientImpl$SelectorManager.run(HttpClientImpl.java:934)

]]></system-err>
  </testcase>
  <testcase name="runScenario" classname="com.script.runner.FailedScenariosRerunRunner" time="459.327">
    <failure message="java.util.concurrent.TimeoutException&#10;Build info: version: &apos;4.17.0&apos;, revision: &apos;e52b1be057*&apos;&#10;System info: os.name: &apos;Windows Server 2016&apos;, os.arch: &apos;amd64&apos;, os.version: &apos;10.0&apos;, java.version: &apos;17.0.1&apos;&#10;Driver info: org.openqa.selenium.chrome.ChromeDriver&#10;Command: [84ffa35ae52086c47023e926c6b6bc2a, screenshot {}]&#10;Capabilities {acceptInsecureCerts: false, browserName: chrome-headless-shell, browserVersion: 127.0.6533.120, chrome: {chromedriverVersion: 127.0.6533.119 (bdef6783a05..., userDataDir: C:\Program Files\scoped_dir...}, fedcm:accounts: true, goog:chromeOptions: {debuggerAddress: localhost:57464}, networkConnectionEnabled: false, pageLoadStrategy: normal, platformName: windows, proxy: Proxy(), se:cdp: ws://localhost:57464/devtoo..., se:cdpVersion: 127.0.6533.120, setWindowRect: true, strictFileInteractability: false, timeouts: {implicit: 0, pageLoad: 300000, script: 30000}, unhandledPromptBehavior: dismiss and notify, webauthn:extension:credBlob: true, webauthn:extension:largeBlob: true, webauthn:extension:minPinLength: true, webauthn:extension:prf: true, webauthn:virtualAuthenticators: true}&#10;Session ID: 84ffa35ae52086c47023e926c6b6bc2a" type="org.openqa.selenium.TimeoutException">org.openqa.selenium.TimeoutException: 
java.util.concurrent.TimeoutException
Build info: version: '4.17.0', revision: 'e52b1be057*'
System info: os.name: 'Windows Server 2016', os.arch: 'amd64', os.version: '10.0', java.version: '17.0.1'
Driver info: org.openqa.selenium.chrome.ChromeDriver
Command: [84ffa35ae52086c47023e926c6b6bc2a, screenshot {}]
Capabilities {acceptInsecureCerts: false, browserName: chrome-headless-shell, browserVersion: 127.0.6533.120, chrome: {chromedriverVersion: 127.0.6533.119 (bdef6783a05..., userDataDir: C:\Program Files\scoped_dir...}, fedcm:accounts: true, goog:chromeOptions: {debuggerAddress: localhost:57464}, networkConnectionEnabled: false, pageLoadStrategy: normal, platformName: windows, proxy: Proxy(), se:cdp: ws://localhost:57464/devtoo..., se:cdpVersion: 127.0.6533.120, setWindowRect: true, strictFileInteractability: false, timeouts: {implicit: 0, pageLoad: 300000, script: 30000}, unhandledPromptBehavior: dismiss and notify, webauthn:extension:credBlob: true, webauthn:extension:largeBlob: true, webauthn:extension:minPinLength: true, webauthn:extension:prf: true, webauthn:virtualAuthenticators: true}
Session ID: 84ffa35ae52086c47023e926c6b6bc2a
Caused by: java.util.concurrent.TimeoutException
</failure>
    <system-out><![CDATA[*******************Test Case started*******************************
]]></system-out>
    <system-err><![CDATA[Aug 22, 2024 5:13:59 AM org.openqa.selenium.devtools.CdpVersionFinder findNearestMatch
WARNING: Unable to find CDP implementation matching 127
Aug 22, 2024 5:13:59 AM org.openqa.selenium.chromium.ChromiumDriver lambda$new$5
WARNING: Unable to find version of CDP to use for 127.0.6533.120. You may need to include a dependency on a specific version of the CDP using something similar to `org.seleniumhq.selenium:selenium-devtools-v86:4.17.0` where the version ("v86") matches the version of the chromium-based browser you're using and the version number of the artifact is the same as Selenium's.
]]></system-err>
  </testcase>
  <testcase name="runScenario" classname="com.script.runner.FailedScenariosRerunRunner" time="33.627">
    <failure type="java.lang.AssertionError:">java.lang.AssertionError: null
</failure>
    <system-out><![CDATA[*******************Test Case started*******************************
]]></system-out>
    <system-err><![CDATA[Aug 22, 2024 5:21:39 AM org.openqa.selenium.devtools.CdpVersionFinder findNearestMatch
WARNING: Unable to find CDP implementation matching 127
Aug 22, 2024 5:21:40 AM org.openqa.selenium.chromium.ChromiumDriver lambda$new$5
WARNING: Unable to find version of CDP to use for 127.0.6533.120. You may need to include a dependency on a specific version of the CDP using something similar to `org.seleniumhq.selenium:selenium-devtools-v86:4.17.0` where the version ("v86") matches the version of the chromium-based browser you're using and the version number of the artifact is the same as Selenium's.
]]></system-err>
  </testcase>
  <testcase name="runScenario" classname="com.script.runner.FailedScenariosRerunRunner" time="37.563">
    <failure type="java.lang.AssertionError:">java.lang.AssertionError: null
</failure>
    <system-out><![CDATA[*******************Test Case started*******************************
]]></system-out>
    <system-err><![CDATA[Aug 22, 2024 5:22:13 AM org.openqa.selenium.devtools.CdpVersionFinder findNearestMatch
WARNING: Unable to find CDP implementation matching 127
Aug 22, 2024 5:22:13 AM org.openqa.selenium.chromium.ChromiumDriver lambda$new$5
WARNING: Unable to find version of CDP to use for 127.0.6533.120. You may need to include a dependency on a specific version of the CDP using something similar to `org.seleniumhq.selenium:selenium-devtools-v86:4.17.0` where the version ("v86") matches the version of the chromium-based browser you're using and the version number of the artifact is the same as Selenium's.
]]></system-err>
  </testcase>
  <testcase name="runScenario" classname="com.script.runner.FailedScenariosRerunRunner" time="32.573">
    <failure type="java.lang.AssertionError:">java.lang.AssertionError: null
</failure>
    <system-out><![CDATA[*******************Test Case started*******************************
]]></system-out>
    <system-err><![CDATA[Aug 22, 2024 5:22:50 AM org.openqa.selenium.devtools.CdpVersionFinder findNearestMatch
WARNING: Unable to find CDP implementation matching 127
Aug 22, 2024 5:22:50 AM org.openqa.selenium.chromium.ChromiumDriver lambda$new$5
WARNING: Unable to find version of CDP to use for 127.0.6533.120. You may need to include a dependency on a specific version of the CDP using something similar to `org.seleniumhq.selenium:selenium-devtools-v86:4.17.0` where the version ("v86") matches the version of the chromium-based browser you're using and the version number of the artifact is the same as Selenium's.
]]></system-err>
  </testcase>
  <testcase name="runScenario" classname="com.script.runner.FailedScenariosRerunRunner" time="22.669">
    <failure type="java.lang.AssertionError:">java.lang.AssertionError: null
</failure>
    <system-out><![CDATA[*******************Test Case started*******************************
]]></system-out>
    <system-err><![CDATA[Aug 22, 2024 5:23:22 AM org.openqa.selenium.devtools.CdpVersionFinder findNearestMatch
WARNING: Unable to find CDP implementation matching 127
Aug 22, 2024 5:23:22 AM org.openqa.selenium.chromium.ChromiumDriver lambda$new$5
WARNING: Unable to find version of CDP to use for 127.0.6533.120. You may need to include a dependency on a specific version of the CDP using something similar to `org.seleniumhq.selenium:selenium-devtools-v86:4.17.0` where the version ("v86") matches the version of the chromium-based browser you're using and the version number of the artifact is the same as Selenium's.
]]></system-err>
  </testcase>
  <testcase name="runScenario" classname="com.script.runner.FailedScenariosRerunRunner" time="21.868">
    <failure type="java.lang.AssertionError:">java.lang.AssertionError: null
</failure>
    <system-out><![CDATA[*******************Test Case started*******************************
]]></system-out>
    <system-err><![CDATA[Aug 22, 2024 5:23:45 AM org.openqa.selenium.devtools.CdpVersionFinder findNearestMatch
WARNING: Unable to find CDP implementation matching 127
Aug 22, 2024 5:23:45 AM org.openqa.selenium.chromium.ChromiumDriver lambda$new$5
WARNING: Unable to find version of CDP to use for 127.0.6533.120. You may need to include a dependency on a specific version of the CDP using something similar to `org.seleniumhq.selenium:selenium-devtools-v86:4.17.0` where the version ("v86") matches the version of the chromium-based browser you're using and the version number of the artifact is the same as Selenium's.
]]></system-err>
  </testcase>
  <testcase name="SendEmail" classname="com.script.runner.FailedScenariosRerunRunner" time="25.14">
    <failure message="Stream closed" type="java.io.IOException">java.io.IOException: Stream closed
	at com.script.runner.FailedScenariosRerunRunner.SendEmail(FailedScenariosRerunRunner.java:34)
</failure>
    <system-err><![CDATA[Aug 22, 2024 5:24:06 AM org.openqa.selenium.remote.http.WebSocket$Listener onError
WARNING: Connection reset
java.net.SocketException: Connection reset
	at java.base/sun.nio.ch.SocketChannelImpl.throwConnectionReset(SocketChannelImpl.java:394)
	at java.base/sun.nio.ch.SocketChannelImpl.read(SocketChannelImpl.java:426)
	at java.net.http/jdk.internal.net.http.SocketTube.readAvailable(SocketTube.java:1170)
	at java.net.http/jdk.internal.net.http.SocketTube$InternalReadPublisher$InternalReadSubscription.read(SocketTube.java:833)
	at java.net.http/jdk.internal.net.http.SocketTube$SocketFlowTask.run(SocketTube.java:181)
	at java.net.http/jdk.internal.net.http.common.SequentialScheduler$SchedulableTask.run(SequentialScheduler.java:230)
	at java.net.http/jdk.internal.net.http.common.SequentialScheduler.runOrSchedule(SequentialScheduler.java:303)
	at java.net.http/jdk.internal.net.http.common.SequentialScheduler.runOrSchedule(SequentialScheduler.java:256)
	at java.net.http/jdk.internal.net.http.SocketTube$InternalReadPublisher$InternalReadSubscription.signalReadable(SocketTube.java:774)
	at java.net.http/jdk.internal.net.http.SocketTube$InternalReadPublisher$ReadEvent.signalEvent(SocketTube.java:957)
	at java.net.http/jdk.internal.net.http.SocketTube$SocketFlowEvent.handle(SocketTube.java:253)
	at java.net.http/jdk.internal.net.http.HttpClientImpl$SelectorManager.handleEvent(HttpClientImpl.java:979)
	at java.net.http/jdk.internal.net.http.HttpClientImpl$SelectorManager.lambda$run$3(HttpClientImpl.java:934)
	at java.base/java.util.ArrayList.forEach(ArrayList.java:1511)
	at java.net.http/jdk.internal.net.http.HttpClientImpl$SelectorManager.run(HttpClientImpl.java:934)

Aug 22, 2024 5:24:06 AM org.openqa.selenium.remote.http.WebSocket$Listener onError
WARNING: Connection reset
java.net.SocketException: Connection reset
	at java.base/sun.nio.ch.SocketChannelImpl.throwConnectionReset(SocketChannelImpl.java:394)
	at java.base/sun.nio.ch.SocketChannelImpl.read(SocketChannelImpl.java:426)
	at java.net.http/jdk.internal.net.http.SocketTube.readAvailable(SocketTube.java:1170)
	at java.net.http/jdk.internal.net.http.SocketTube$InternalReadPublisher$InternalReadSubscription.read(SocketTube.java:833)
	at java.net.http/jdk.internal.net.http.SocketTube$SocketFlowTask.run(SocketTube.java:181)
	at java.net.http/jdk.internal.net.http.common.SequentialScheduler$SchedulableTask.run(SequentialScheduler.java:230)
	at java.net.http/jdk.internal.net.http.common.SequentialScheduler.runOrSchedule(SequentialScheduler.java:303)
	at java.net.http/jdk.internal.net.http.common.SequentialScheduler.runOrSchedule(SequentialScheduler.java:256)
	at java.net.http/jdk.internal.net.http.SocketTube$InternalReadPublisher$InternalReadSubscription.signalReadable(SocketTube.java:774)
	at java.net.http/jdk.internal.net.http.SocketTube$InternalReadPublisher$ReadEvent.signalEvent(SocketTube.java:957)
	at java.net.http/jdk.internal.net.http.SocketTube$SocketFlowEvent.handle(SocketTube.java:253)
	at java.net.http/jdk.internal.net.http.HttpClientImpl$SelectorManager.handleEvent(HttpClientImpl.java:979)
	at java.net.http/jdk.internal.net.http.HttpClientImpl$SelectorManager.lambda$run$3(HttpClientImpl.java:934)
	at java.base/java.util.ArrayList.forEach(ArrayList.java:1511)
	at java.net.http/jdk.internal.net.http.HttpClientImpl$SelectorManager.run(HttpClientImpl.java:934)

Aug 22, 2024 5:24:06 AM org.openqa.selenium.remote.http.WebSocket$Listener onError
WARNING: Connection reset
java.net.SocketException: Connection reset
	at java.base/sun.nio.ch.SocketChannelImpl.throwConnectionReset(SocketChannelImpl.java:394)
	at java.base/sun.nio.ch.SocketChannelImpl.read(SocketChannelImpl.java:426)
	at java.net.http/jdk.internal.net.http.SocketTube.readAvailable(SocketTube.java:1170)
	at java.net.http/jdk.internal.net.http.SocketTube$InternalReadPublisher$InternalReadSubscription.read(SocketTube.java:833)
	at java.net.http/jdk.internal.net.http.SocketTube$SocketFlowTask.run(SocketTube.java:181)
	at java.net.http/jdk.internal.net.http.common.SequentialScheduler$SchedulableTask.run(SequentialScheduler.java:230)
	at java.net.http/jdk.internal.net.http.common.SequentialScheduler.runOrSchedule(SequentialScheduler.java:303)
	at java.net.http/jdk.internal.net.http.common.SequentialScheduler.runOrSchedule(SequentialScheduler.java:256)
	at java.net.http/jdk.internal.net.http.SocketTube$InternalReadPublisher$InternalReadSubscription.signalReadable(SocketTube.java:774)
	at java.net.http/jdk.internal.net.http.SocketTube$InternalReadPublisher$ReadEvent.signalEvent(SocketTube.java:957)
	at java.net.http/jdk.internal.net.http.SocketTube$SocketFlowEvent.handle(SocketTube.java:253)
	at java.net.http/jdk.internal.net.http.HttpClientImpl$SelectorManager.handleEvent(HttpClientImpl.java:979)
	at java.net.http/jdk.internal.net.http.HttpClientImpl$SelectorManager.lambda$run$3(HttpClientImpl.java:934)
	at java.base/java.util.ArrayList.forEach(ArrayList.java:1511)
	at java.net.http/jdk.internal.net.http.HttpClientImpl$SelectorManager.run(HttpClientImpl.java:934)

]]></system-err>
  </testcase>
</testsuite>