<?xml version="1.0" encoding="UTF-8"?>
<!-- Generated by org.testng.reporters.JUnitReportReporter -->
<testsuite hostname="VAZSS2234" failures="4" tests="6" name="com.script.runner.ProximityToolRunner" time="229.828" errors="0" timestamp="2024-08-05T17:59:47 GMT+05:30" skipped="0">
  <testcase classname="com.script.runner.ProximityToolRunner" name="runScenario" time="47.179">
    <failure message="null" type="java.lang.AssertionError">
      <![CDATA[java.lang.AssertionError: null
at org.testng.Assert.fail(Assert.java:99)
at org.testng.Assert.fail(Assert.java:106)
at com.test.validation.TestValidations.ShapeValidation(TestValidations.java:146)
at com.applicationfunction.ToolProximityPage.GetSearchResults(ToolProximityPage.java:98)
at com.script.stepdefination.ProximityToolStepDefinition.GetProximityOnMapWithKilometersUnit(ProximityToolStepDefinition.java:57)
at ✽.User should be able to use proximity tool to locate address on map with Kilometers unit SheetName "ProximityTool" and rownumber 1(file:///C:/Users/kulkars2/Documents/Java/JavaWorkSpace/EMAP_UI_Automation-GTM/Features/ProximityTool.feature:18)
]]>
    </failure>
  </testcase> <!-- runScenario -->
  <system-out/>
  <testcase classname="com.script.runner.ProximityToolRunner" name="runScenario" time="39.589">
    <failure message="null" type="java.lang.AssertionError">
      <![CDATA[java.lang.AssertionError: null
at org.testng.Assert.fail(Assert.java:99)
at org.testng.Assert.fail(Assert.java:106)
at com.test.validation.TestValidations.ShapeValidation(TestValidations.java:146)
at com.applicationfunction.ToolProximityPage.GetSearchResults(ToolProximityPage.java:98)
at com.script.stepdefination.ProximityToolStepDefinition.GetProximityOnMapWithMeterUnit(ProximityToolStepDefinition.java:49)
at ✽.User should be able to use proximity tool to locate address on map with Meters unit SheetName "ProximityTool" and rownumber 0(file:///C:/Users/kulkars2/Documents/Java/JavaWorkSpace/EMAP_UI_Automation-GTM/Features/ProximityTool.feature:8)
]]>
    </failure>
  </testcase> <!-- runScenario -->
  <system-out/>
  <testcase classname="com.script.runner.ProximityToolRunner" name="runScenario" time="32.275"/>
  <system-out/>
  <testcase classname="com.script.runner.ProximityToolRunner" name="runScenario" time="41.422">
    <failure message="null" type="java.lang.AssertionError">
      <![CDATA[java.lang.AssertionError: null
at org.testng.Assert.fail(Assert.java:99)
at org.testng.Assert.fail(Assert.java:106)
at com.test.validation.TestValidations.ShapeValidation(TestValidations.java:146)
at com.applicationfunction.ToolProximityPage.GetSearchResults(ToolProximityPage.java:98)
at com.script.stepdefination.ProximityToolStepDefinition.GetProximityOnMapWithFeetUnit(ProximityToolStepDefinition.java:65)
at ✽.User should be able to use proximity tool to locate address on map with Feet unit SheetName "ProximityTool" and rownumber 2(file:///C:/Users/kulkars2/Documents/Java/JavaWorkSpace/EMAP_UI_Automation-GTM/Features/ProximityTool.feature:28)
]]>
    </failure>
  </testcase> <!-- runScenario -->
  <system-out/>
  <testcase classname="com.script.runner.ProximityToolRunner" name="runScenario" time="47.265">
    <failure message="null" type="java.lang.AssertionError">
      <![CDATA[java.lang.AssertionError: null
at org.testng.Assert.fail(Assert.java:99)
at org.testng.Assert.fail(Assert.java:106)
at com.test.validation.TestValidations.ShapeValidation(TestValidations.java:146)
at com.applicationfunction.ToolProximityPage.GetSearchResults(ToolProximityPage.java:98)
at com.script.stepdefination.ProximityToolStepDefinition.GetProximityOnMapWithMilesUnit(ProximityToolStepDefinition.java:73)
at ✽.User should be able to use proximity tool to locate address on map with Miles unit SheetName "ProximityTool" and rownumber 3(file:///C:/Users/kulkars2/Documents/Java/JavaWorkSpace/EMAP_UI_Automation-GTM/Features/ProximityTool.feature:38)
]]>
    </failure>
  </testcase> <!-- runScenario -->
  <system-out/>
  <testcase classname="com.script.runner.ProximityToolRunner" name="runScenario" time="22.098"/>
  <system-out/>
</testsuite> <!-- com.script.runner.ProximityToolRunner -->
